#
# There is insufficient memory for the Java Runtime Environment to continue.
# Native memory allocation (malloc) failed to allocate 32744 bytes for ChunkPool::allocate
# Possible reasons:
#   The system is out of physical RAM or swap space
#   The process is running with CompressedOops enabled, and the Java Heap may be blocking the growth of the native heap
# Possible solutions:
#   Reduce memory load on the system
#   Increase physical memory or swap space
#   Check if swap backing store is full
#   Decrease Java heap size (-Xmx/-Xms)
#   Decrease number of Java threads
#   Decrease Java thread stack sizes (-Xss)
#   Set larger code cache with -XX:ReservedCodeCacheSize=
#   JVM is running with Unscaled Compressed Oops mode in which the Java heap is
#     placed in the first 4GB address space. The Java Heap base address is the
#     maximum limit for the native heap growth. Please use -XX:HeapBaseMinAddress
#     to set the Java Heap base and to place the Java Heap above 4GB virtual address.
# This output file may be truncated or incomplete.
#
#  Out of Memory Error (arena.cpp:78), pid=106784, tid=110384
#
# JRE version: Java(TM) SE Runtime Environment (17.0.1+12) (build 17.0.1+12-LTS-39)
# Java VM: Java HotSpot(TM) 64-Bit Server VM (17.0.1+12-LTS-39, mixed mode, sharing, tiered, compressed oops, compressed class ptrs, g1 gc, windows-amd64)
# No core dump will be written. Minidumps are not enabled by default on client versions of Windows
#

---------------  S U M M A R Y ------------

Command Line: -javaagent:D:\IntelliJ IDEA 2024.1\lib\idea_rt.jar=62942:D:\IntelliJ IDEA 2024.1\bin -Dfile.encoding=UTF-8 Controller.Main

Host: Intel(R) Core(TM) i5-7300HQ CPU @ 2.50GHz, 4 cores, 7G,  Windows 10 , 64 bit Build 22000 (10.0.22000.2538)
Time: Wed Jul  3 18:40:10 2024 Hora de Verão de GMT elapsed time: 0.237975 seconds (0d 0h 0m 0s)

---------------  T H R E A D  ---------------

Current thread (0x000001fa686a2e20):  JavaThread "C2 CompilerThread0" daemon [_thread_in_native, id=110384, stack(0x0000001a46300000,0x0000001a46400000)]


Current CompileTask:
C2:    238  377       4       java.util.Properties::loadConvert (540 bytes)

Stack: [0x0000001a46300000,0x0000001a46400000]
Native frames: (J=compiled Java code, j=interpreted, Vv=VM code, C=native code)
V  [jvm.dll+0x66fa1a]
V  [jvm.dll+0x7ce5a4]
V  [jvm.dll+0x7cfd4e]
V  [jvm.dll+0x7d03b3]
V  [jvm.dll+0x242b05]
V  [jvm.dll+0xaa2a0]
V  [jvm.dll+0xaa5ec]
V  [jvm.dll+0x5fc9b0]
V  [jvm.dll+0x602707]
V  [jvm.dll+0x603582]
V  [jvm.dll+0x601ae4]
V  [jvm.dll+0x215a68]
V  [jvm.dll+0x215011]
V  [jvm.dll+0x1a168d]
V  [jvm.dll+0x224848]
V  [jvm.dll+0x2229ac]
V  [jvm.dll+0x78435b]
V  [jvm.dll+0x77e91a]
V  [jvm.dll+0x66e845]
C  [ucrtbase.dll+0x26c0c]
C  [KERNEL32.DLL+0x153e0]
C  [ntdll.dll+0x485b]


---------------  P R O C E S S  ---------------

Threads class SMR info:
_java_thread_list=0x000001fa69318810, length=15, elements={
0x000001fa4aebee40, 0x000001fa68689190, 0x000001fa6868a000, 0x000001fa6869b4d0,
0x000001fa6869bf90, 0x000001fa6869f080, 0x000001fa686a1560, 0x000001fa686a2e20,
0x000001fa686a37e0, 0x000001fa6871b260, 0x000001fa68672ee0, 0x000001fa692cb070,
0x000001fa692fda10, 0x000001fa69322c40, 0x000001fa693272b0
}

Java Threads: ( => current thread )
  0x000001fa4aebee40 JavaThread "main" [_thread_in_vm, id=99920, stack(0x0000001a45600000,0x0000001a45700000)]
  0x000001fa68689190 JavaThread "Reference Handler" daemon [_thread_blocked, id=94384, stack(0x0000001a45d00000,0x0000001a45e00000)]
  0x000001fa6868a000 JavaThread "Finalizer" daemon [_thread_blocked, id=103932, stack(0x0000001a45e00000,0x0000001a45f00000)]
  0x000001fa6869b4d0 JavaThread "Signal Dispatcher" daemon [_thread_blocked, id=99952, stack(0x0000001a45f00000,0x0000001a46000000)]
  0x000001fa6869bf90 JavaThread "Attach Listener" daemon [_thread_blocked, id=76000, stack(0x0000001a46000000,0x0000001a46100000)]
  0x000001fa6869f080 JavaThread "Service Thread" daemon [_thread_blocked, id=95008, stack(0x0000001a46100000,0x0000001a46200000)]
  0x000001fa686a1560 JavaThread "Monitor Deflation Thread" daemon [_thread_blocked, id=86780, stack(0x0000001a46200000,0x0000001a46300000)]
=>0x000001fa686a2e20 JavaThread "C2 CompilerThread0" daemon [_thread_in_native, id=110384, stack(0x0000001a46300000,0x0000001a46400000)]
  0x000001fa686a37e0 JavaThread "C1 CompilerThread0" daemon [_thread_blocked, id=105252, stack(0x0000001a46400000,0x0000001a46500000)]
  0x000001fa6871b260 JavaThread "Sweeper thread" daemon [_thread_blocked, id=61140, stack(0x0000001a46500000,0x0000001a46600000)]
  0x000001fa68672ee0 JavaThread "Common-Cleaner" daemon [_thread_blocked, id=90868, stack(0x0000001a46600000,0x0000001a46700000)]
  0x000001fa692cb070 JavaThread "Monitor Ctrl-Break" daemon [_thread_in_native, id=103956, stack(0x0000001a46700000,0x0000001a46800000)]
  0x000001fa692fda10 JavaThread "Notification Thread" daemon [_thread_blocked, id=83840, stack(0x0000001a46800000,0x0000001a46900000)]
  0x000001fa69322c40 JavaThread "mysql-cj-abandoned-connection-cleanup" daemon [_thread_blocked, id=63748, stack(0x0000001a46a00000,0x0000001a46b00000)]
  0x000001fa693272b0 JavaThread "C2 CompilerThread1" daemon [_thread_in_native, id=104840, stack(0x0000001a46b00000,0x0000001a46c00000)]

Other Threads:
  0x000001fa68684590 VMThread "VM Thread" [stack: 0x0000001a45c00000,0x0000001a45d00000] [id=82584]
  0x000001fa4af1f5d0 WatcherThread [stack: 0x0000001a46900000,0x0000001a46a00000] [id=51676]
  0x000001fa4aefdd70 GCTaskThread "GC Thread#0" [stack: 0x0000001a45700000,0x0000001a45800000] [id=79764]
  0x000001fa4af0e970 ConcurrentGCThread "G1 Main Marker" [stack: 0x0000001a45800000,0x0000001a45900000] [id=110468]
  0x000001fa4af0fb20 ConcurrentGCThread "G1 Conc#0" [stack: 0x0000001a45900000,0x0000001a45a00000] [id=83596]
  0x000001fa4af8dba0 ConcurrentGCThread "G1 Refine#0" [stack: 0x0000001a45a00000,0x0000001a45b00000] [id=89672]
  0x000001fa4af8e5c0 ConcurrentGCThread "G1 Service" [stack: 0x0000001a45b00000,0x0000001a45c00000] [id=108448]

Threads with active compile tasks:
C2 CompilerThread0      272  377       4       java.util.Properties::loadConvert (540 bytes)
C2 CompilerThread1      272  382 %     4       java.util.Properties$LineReader::readLine @ 53 (584 bytes)

VM state: not at safepoint (normal execution)

VM Mutex/Monitor currently owned by a thread:  ([mutex/lock_event])
[0x000001fa4aeb8060] Metaspace_lock - owner thread: 0x000001fa4aebee40

Heap address: 0x0000000081a00000, size: 2022 MB, Compressed Oops mode: 32-bit

CDS archive(s) mapped at: [0x0000000800000000-0x0000000800bc0000-0x0000000800bc0000), size 12320768, SharedBaseAddress: 0x0000000800000000, ArchiveRelocationMode: 0.
Compressed class space mapped at: 0x0000000800c00000-0x0000000840c00000, reserved size: 1073741824
Narrow klass base: 0x0000000800000000, Narrow klass shift: 0, Narrow klass range: 0x100000000

GC Precious Log:
 CPUs: 4 total, 4 available
 Memory: 8084M
 Large Page Support: Disabled
 NUMA Support: Disabled
 Compressed Oops: Enabled (32-bit)
 Heap Region Size: 1M
 Heap Min Capacity: 8M
 Heap Initial Capacity: 128M
 Heap Max Capacity: 2022M
 Pre-touch: Disabled
 Parallel Workers: 4
 Concurrent Workers: 1
 Concurrent Refinement Workers: 4
 Periodic GC: Disabled

Heap:
 garbage-first heap   total 131072K, used 4096K [0x0000000081a00000, 0x0000000100000000)
  region size 1024K, 5 young (5120K), 0 survivors (0K)
 Metaspace       used 1810K, committed 1856K, reserved 1056768K
  class space    used 168K, committed 192K, reserved 1048576K

Heap Regions: E=young(eden), S=young(survivor), O=old, HS=humongous(starts), HC=humongous(continues), CS=collection set, F=free, OA=open archive, CA=closed archive, TAMS=top-at-mark-start (previous, next)
|   0|0x0000000081a00000, 0x0000000081a00000, 0x0000000081b00000|  0%| F|  |TAMS 0x0000000081a00000, 0x0000000081a00000| Untracked 
|   1|0x0000000081b00000, 0x0000000081b00000, 0x0000000081c00000|  0%| F|  |TAMS 0x0000000081b00000, 0x0000000081b00000| Untracked 
|   2|0x0000000081c00000, 0x0000000081c00000, 0x0000000081d00000|  0%| F|  |TAMS 0x0000000081c00000, 0x0000000081c00000| Untracked 
|   3|0x0000000081d00000, 0x0000000081d00000, 0x0000000081e00000|  0%| F|  |TAMS 0x0000000081d00000, 0x0000000081d00000| Untracked 
|   4|0x0000000081e00000, 0x0000000081e00000, 0x0000000081f00000|  0%| F|  |TAMS 0x0000000081e00000, 0x0000000081e00000| Untracked 
|   5|0x0000000081f00000, 0x0000000081f00000, 0x0000000082000000|  0%| F|  |TAMS 0x0000000081f00000, 0x0000000081f00000| Untracked 
|   6|0x0000000082000000, 0x0000000082000000, 0x0000000082100000|  0%| F|  |TAMS 0x0000000082000000, 0x0000000082000000| Untracked 
|   7|0x0000000082100000, 0x0000000082100000, 0x0000000082200000|  0%| F|  |TAMS 0x0000000082100000, 0x0000000082100000| Untracked 
|   8|0x0000000082200000, 0x0000000082200000, 0x0000000082300000|  0%| F|  |TAMS 0x0000000082200000, 0x0000000082200000| Untracked 
|   9|0x0000000082300000, 0x0000000082300000, 0x0000000082400000|  0%| F|  |TAMS 0x0000000082300000, 0x0000000082300000| Untracked 
|  10|0x0000000082400000, 0x0000000082400000, 0x0000000082500000|  0%| F|  |TAMS 0x0000000082400000, 0x0000000082400000| Untracked 
|  11|0x0000000082500000, 0x0000000082500000, 0x0000000082600000|  0%| F|  |TAMS 0x0000000082500000, 0x0000000082500000| Untracked 
|  12|0x0000000082600000, 0x0000000082600000, 0x0000000082700000|  0%| F|  |TAMS 0x0000000082600000, 0x0000000082600000| Untracked 
|  13|0x0000000082700000, 0x0000000082700000, 0x0000000082800000|  0%| F|  |TAMS 0x0000000082700000, 0x0000000082700000| Untracked 
|  14|0x0000000082800000, 0x0000000082800000, 0x0000000082900000|  0%| F|  |TAMS 0x0000000082800000, 0x0000000082800000| Untracked 
|  15|0x0000000082900000, 0x0000000082900000, 0x0000000082a00000|  0%| F|  |TAMS 0x0000000082900000, 0x0000000082900000| Untracked 
|  16|0x0000000082a00000, 0x0000000082a00000, 0x0000000082b00000|  0%| F|  |TAMS 0x0000000082a00000, 0x0000000082a00000| Untracked 
|  17|0x0000000082b00000, 0x0000000082b00000, 0x0000000082c00000|  0%| F|  |TAMS 0x0000000082b00000, 0x0000000082b00000| Untracked 
|  18|0x0000000082c00000, 0x0000000082c00000, 0x0000000082d00000|  0%| F|  |TAMS 0x0000000082c00000, 0x0000000082c00000| Untracked 
|  19|0x0000000082d00000, 0x0000000082d00000, 0x0000000082e00000|  0%| F|  |TAMS 0x0000000082d00000, 0x0000000082d00000| Untracked 
|  20|0x0000000082e00000, 0x0000000082e00000, 0x0000000082f00000|  0%| F|  |TAMS 0x0000000082e00000, 0x0000000082e00000| Untracked 
|  21|0x0000000082f00000, 0x0000000082f00000, 0x0000000083000000|  0%| F|  |TAMS 0x0000000082f00000, 0x0000000082f00000| Untracked 
|  22|0x0000000083000000, 0x0000000083000000, 0x0000000083100000|  0%| F|  |TAMS 0x0000000083000000, 0x0000000083000000| Untracked 
|  23|0x0000000083100000, 0x0000000083100000, 0x0000000083200000|  0%| F|  |TAMS 0x0000000083100000, 0x0000000083100000| Untracked 
|  24|0x0000000083200000, 0x0000000083200000, 0x0000000083300000|  0%| F|  |TAMS 0x0000000083200000, 0x0000000083200000| Untracked 
|  25|0x0000000083300000, 0x0000000083300000, 0x0000000083400000|  0%| F|  |TAMS 0x0000000083300000, 0x0000000083300000| Untracked 
|  26|0x0000000083400000, 0x0000000083400000, 0x0000000083500000|  0%| F|  |TAMS 0x0000000083400000, 0x0000000083400000| Untracked 
|  27|0x0000000083500000, 0x0000000083500000, 0x0000000083600000|  0%| F|  |TAMS 0x0000000083500000, 0x0000000083500000| Untracked 
|  28|0x0000000083600000, 0x0000000083600000, 0x0000000083700000|  0%| F|  |TAMS 0x0000000083600000, 0x0000000083600000| Untracked 
|  29|0x0000000083700000, 0x0000000083700000, 0x0000000083800000|  0%| F|  |TAMS 0x0000000083700000, 0x0000000083700000| Untracked 
|  30|0x0000000083800000, 0x0000000083800000, 0x0000000083900000|  0%| F|  |TAMS 0x0000000083800000, 0x0000000083800000| Untracked 
|  31|0x0000000083900000, 0x0000000083900000, 0x0000000083a00000|  0%| F|  |TAMS 0x0000000083900000, 0x0000000083900000| Untracked 
|  32|0x0000000083a00000, 0x0000000083a00000, 0x0000000083b00000|  0%| F|  |TAMS 0x0000000083a00000, 0x0000000083a00000| Untracked 
|  33|0x0000000083b00000, 0x0000000083b00000, 0x0000000083c00000|  0%| F|  |TAMS 0x0000000083b00000, 0x0000000083b00000| Untracked 
|  34|0x0000000083c00000, 0x0000000083c00000, 0x0000000083d00000|  0%| F|  |TAMS 0x0000000083c00000, 0x0000000083c00000| Untracked 
|  35|0x0000000083d00000, 0x0000000083d00000, 0x0000000083e00000|  0%| F|  |TAMS 0x0000000083d00000, 0x0000000083d00000| Untracked 
|  36|0x0000000083e00000, 0x0000000083e00000, 0x0000000083f00000|  0%| F|  |TAMS 0x0000000083e00000, 0x0000000083e00000| Untracked 
|  37|0x0000000083f00000, 0x0000000083f00000, 0x0000000084000000|  0%| F|  |TAMS 0x0000000083f00000, 0x0000000083f00000| Untracked 
|  38|0x0000000084000000, 0x0000000084000000, 0x0000000084100000|  0%| F|  |TAMS 0x0000000084000000, 0x0000000084000000| Untracked 
|  39|0x0000000084100000, 0x0000000084100000, 0x0000000084200000|  0%| F|  |TAMS 0x0000000084100000, 0x0000000084100000| Untracked 
|  40|0x0000000084200000, 0x0000000084200000, 0x0000000084300000|  0%| F|  |TAMS 0x0000000084200000, 0x0000000084200000| Untracked 
|  41|0x0000000084300000, 0x0000000084300000, 0x0000000084400000|  0%| F|  |TAMS 0x0000000084300000, 0x0000000084300000| Untracked 
|  42|0x0000000084400000, 0x0000000084400000, 0x0000000084500000|  0%| F|  |TAMS 0x0000000084400000, 0x0000000084400000| Untracked 
|  43|0x0000000084500000, 0x0000000084500000, 0x0000000084600000|  0%| F|  |TAMS 0x0000000084500000, 0x0000000084500000| Untracked 
|  44|0x0000000084600000, 0x0000000084600000, 0x0000000084700000|  0%| F|  |TAMS 0x0000000084600000, 0x0000000084600000| Untracked 
|  45|0x0000000084700000, 0x0000000084700000, 0x0000000084800000|  0%| F|  |TAMS 0x0000000084700000, 0x0000000084700000| Untracked 
|  46|0x0000000084800000, 0x0000000084800000, 0x0000000084900000|  0%| F|  |TAMS 0x0000000084800000, 0x0000000084800000| Untracked 
|  47|0x0000000084900000, 0x0000000084900000, 0x0000000084a00000|  0%| F|  |TAMS 0x0000000084900000, 0x0000000084900000| Untracked 
|  48|0x0000000084a00000, 0x0000000084a00000, 0x0000000084b00000|  0%| F|  |TAMS 0x0000000084a00000, 0x0000000084a00000| Untracked 
|  49|0x0000000084b00000, 0x0000000084b00000, 0x0000000084c00000|  0%| F|  |TAMS 0x0000000084b00000, 0x0000000084b00000| Untracked 
|  50|0x0000000084c00000, 0x0000000084c00000, 0x0000000084d00000|  0%| F|  |TAMS 0x0000000084c00000, 0x0000000084c00000| Untracked 
|  51|0x0000000084d00000, 0x0000000084d00000, 0x0000000084e00000|  0%| F|  |TAMS 0x0000000084d00000, 0x0000000084d00000| Untracked 
|  52|0x0000000084e00000, 0x0000000084e00000, 0x0000000084f00000|  0%| F|  |TAMS 0x0000000084e00000, 0x0000000084e00000| Untracked 
|  53|0x0000000084f00000, 0x0000000084f00000, 0x0000000085000000|  0%| F|  |TAMS 0x0000000084f00000, 0x0000000084f00000| Untracked 
|  54|0x0000000085000000, 0x0000000085000000, 0x0000000085100000|  0%| F|  |TAMS 0x0000000085000000, 0x0000000085000000| Untracked 
|  55|0x0000000085100000, 0x0000000085100000, 0x0000000085200000|  0%| F|  |TAMS 0x0000000085100000, 0x0000000085100000| Untracked 
|  56|0x0000000085200000, 0x0000000085200000, 0x0000000085300000|  0%| F|  |TAMS 0x0000000085200000, 0x0000000085200000| Untracked 
|  57|0x0000000085300000, 0x0000000085300000, 0x0000000085400000|  0%| F|  |TAMS 0x0000000085300000, 0x0000000085300000| Untracked 
|  58|0x0000000085400000, 0x0000000085400000, 0x0000000085500000|  0%| F|  |TAMS 0x0000000085400000, 0x0000000085400000| Untracked 
|  59|0x0000000085500000, 0x0000000085500000, 0x0000000085600000|  0%| F|  |TAMS 0x0000000085500000, 0x0000000085500000| Untracked 
|  60|0x0000000085600000, 0x0000000085600000, 0x0000000085700000|  0%| F|  |TAMS 0x0000000085600000, 0x0000000085600000| Untracked 
|  61|0x0000000085700000, 0x0000000085700000, 0x0000000085800000|  0%| F|  |TAMS 0x0000000085700000, 0x0000000085700000| Untracked 
|  62|0x0000000085800000, 0x0000000085800000, 0x0000000085900000|  0%| F|  |TAMS 0x0000000085800000, 0x0000000085800000| Untracked 
|  63|0x0000000085900000, 0x0000000085900000, 0x0000000085a00000|  0%| F|  |TAMS 0x0000000085900000, 0x0000000085900000| Untracked 
|  64|0x0000000085a00000, 0x0000000085a00000, 0x0000000085b00000|  0%| F|  |TAMS 0x0000000085a00000, 0x0000000085a00000| Untracked 
|  65|0x0000000085b00000, 0x0000000085b00000, 0x0000000085c00000|  0%| F|  |TAMS 0x0000000085b00000, 0x0000000085b00000| Untracked 
|  66|0x0000000085c00000, 0x0000000085c00000, 0x0000000085d00000|  0%| F|  |TAMS 0x0000000085c00000, 0x0000000085c00000| Untracked 
|  67|0x0000000085d00000, 0x0000000085d00000, 0x0000000085e00000|  0%| F|  |TAMS 0x0000000085d00000, 0x0000000085d00000| Untracked 
|  68|0x0000000085e00000, 0x0000000085e00000, 0x0000000085f00000|  0%| F|  |TAMS 0x0000000085e00000, 0x0000000085e00000| Untracked 
|  69|0x0000000085f00000, 0x0000000085f00000, 0x0000000086000000|  0%| F|  |TAMS 0x0000000085f00000, 0x0000000085f00000| Untracked 
|  70|0x0000000086000000, 0x0000000086000000, 0x0000000086100000|  0%| F|  |TAMS 0x0000000086000000, 0x0000000086000000| Untracked 
|  71|0x0000000086100000, 0x0000000086100000, 0x0000000086200000|  0%| F|  |TAMS 0x0000000086100000, 0x0000000086100000| Untracked 
|  72|0x0000000086200000, 0x0000000086200000, 0x0000000086300000|  0%| F|  |TAMS 0x0000000086200000, 0x0000000086200000| Untracked 
|  73|0x0000000086300000, 0x0000000086300000, 0x0000000086400000|  0%| F|  |TAMS 0x0000000086300000, 0x0000000086300000| Untracked 
|  74|0x0000000086400000, 0x0000000086400000, 0x0000000086500000|  0%| F|  |TAMS 0x0000000086400000, 0x0000000086400000| Untracked 
|  75|0x0000000086500000, 0x0000000086500000, 0x0000000086600000|  0%| F|  |TAMS 0x0000000086500000, 0x0000000086500000| Untracked 
|  76|0x0000000086600000, 0x0000000086600000, 0x0000000086700000|  0%| F|  |TAMS 0x0000000086600000, 0x0000000086600000| Untracked 
|  77|0x0000000086700000, 0x0000000086700000, 0x0000000086800000|  0%| F|  |TAMS 0x0000000086700000, 0x0000000086700000| Untracked 
|  78|0x0000000086800000, 0x0000000086800000, 0x0000000086900000|  0%| F|  |TAMS 0x0000000086800000, 0x0000000086800000| Untracked 
|  79|0x0000000086900000, 0x0000000086900000, 0x0000000086a00000|  0%| F|  |TAMS 0x0000000086900000, 0x0000000086900000| Untracked 
|  80|0x0000000086a00000, 0x0000000086a00000, 0x0000000086b00000|  0%| F|  |TAMS 0x0000000086a00000, 0x0000000086a00000| Untracked 
|  81|0x0000000086b00000, 0x0000000086b00000, 0x0000000086c00000|  0%| F|  |TAMS 0x0000000086b00000, 0x0000000086b00000| Untracked 
|  82|0x0000000086c00000, 0x0000000086c00000, 0x0000000086d00000|  0%| F|  |TAMS 0x0000000086c00000, 0x0000000086c00000| Untracked 
|  83|0x0000000086d00000, 0x0000000086d00000, 0x0000000086e00000|  0%| F|  |TAMS 0x0000000086d00000, 0x0000000086d00000| Untracked 
|  84|0x0000000086e00000, 0x0000000086e00000, 0x0000000086f00000|  0%| F|  |TAMS 0x0000000086e00000, 0x0000000086e00000| Untracked 
|  85|0x0000000086f00000, 0x0000000086f00000, 0x0000000087000000|  0%| F|  |TAMS 0x0000000086f00000, 0x0000000086f00000| Untracked 
|  86|0x0000000087000000, 0x0000000087000000, 0x0000000087100000|  0%| F|  |TAMS 0x0000000087000000, 0x0000000087000000| Untracked 
|  87|0x0000000087100000, 0x0000000087100000, 0x0000000087200000|  0%| F|  |TAMS 0x0000000087100000, 0x0000000087100000| Untracked 
|  88|0x0000000087200000, 0x0000000087200000, 0x0000000087300000|  0%| F|  |TAMS 0x0000000087200000, 0x0000000087200000| Untracked 
|  89|0x0000000087300000, 0x0000000087300000, 0x0000000087400000|  0%| F|  |TAMS 0x0000000087300000, 0x0000000087300000| Untracked 
|  90|0x0000000087400000, 0x0000000087400000, 0x0000000087500000|  0%| F|  |TAMS 0x0000000087400000, 0x0000000087400000| Untracked 
|  91|0x0000000087500000, 0x0000000087500000, 0x0000000087600000|  0%| F|  |TAMS 0x0000000087500000, 0x0000000087500000| Untracked 
|  92|0x0000000087600000, 0x0000000087600000, 0x0000000087700000|  0%| F|  |TAMS 0x0000000087600000, 0x0000000087600000| Untracked 
|  93|0x0000000087700000, 0x0000000087700000, 0x0000000087800000|  0%| F|  |TAMS 0x0000000087700000, 0x0000000087700000| Untracked 
|  94|0x0000000087800000, 0x0000000087800000, 0x0000000087900000|  0%| F|  |TAMS 0x0000000087800000, 0x0000000087800000| Untracked 
|  95|0x0000000087900000, 0x0000000087900000, 0x0000000087a00000|  0%| F|  |TAMS 0x0000000087900000, 0x0000000087900000| Untracked 
|  96|0x0000000087a00000, 0x0000000087a00000, 0x0000000087b00000|  0%| F|  |TAMS 0x0000000087a00000, 0x0000000087a00000| Untracked 
|  97|0x0000000087b00000, 0x0000000087b00000, 0x0000000087c00000|  0%| F|  |TAMS 0x0000000087b00000, 0x0000000087b00000| Untracked 
|  98|0x0000000087c00000, 0x0000000087c00000, 0x0000000087d00000|  0%| F|  |TAMS 0x0000000087c00000, 0x0000000087c00000| Untracked 
|  99|0x0000000087d00000, 0x0000000087d00000, 0x0000000087e00000|  0%| F|  |TAMS 0x0000000087d00000, 0x0000000087d00000| Untracked 
| 100|0x0000000087e00000, 0x0000000087e00000, 0x0000000087f00000|  0%| F|  |TAMS 0x0000000087e00000, 0x0000000087e00000| Untracked 
| 101|0x0000000087f00000, 0x0000000087f00000, 0x0000000088000000|  0%| F|  |TAMS 0x0000000087f00000, 0x0000000087f00000| Untracked 
| 102|0x0000000088000000, 0x0000000088000000, 0x0000000088100000|  0%| F|  |TAMS 0x0000000088000000, 0x0000000088000000| Untracked 
| 103|0x0000000088100000, 0x0000000088100000, 0x0000000088200000|  0%| F|  |TAMS 0x0000000088100000, 0x0000000088100000| Untracked 
| 104|0x0000000088200000, 0x0000000088200000, 0x0000000088300000|  0%| F|  |TAMS 0x0000000088200000, 0x0000000088200000| Untracked 
| 105|0x0000000088300000, 0x0000000088300000, 0x0000000088400000|  0%| F|  |TAMS 0x0000000088300000, 0x0000000088300000| Untracked 
| 106|0x0000000088400000, 0x0000000088400000, 0x0000000088500000|  0%| F|  |TAMS 0x0000000088400000, 0x0000000088400000| Untracked 
| 107|0x0000000088500000, 0x0000000088500000, 0x0000000088600000|  0%| F|  |TAMS 0x0000000088500000, 0x0000000088500000| Untracked 
| 108|0x0000000088600000, 0x0000000088600000, 0x0000000088700000|  0%| F|  |TAMS 0x0000000088600000, 0x0000000088600000| Untracked 
| 109|0x0000000088700000, 0x0000000088700000, 0x0000000088800000|  0%| F|  |TAMS 0x0000000088700000, 0x0000000088700000| Untracked 
| 110|0x0000000088800000, 0x0000000088800000, 0x0000000088900000|  0%| F|  |TAMS 0x0000000088800000, 0x0000000088800000| Untracked 
| 111|0x0000000088900000, 0x0000000088900000, 0x0000000088a00000|  0%| F|  |TAMS 0x0000000088900000, 0x0000000088900000| Untracked 
| 112|0x0000000088a00000, 0x0000000088a00000, 0x0000000088b00000|  0%| F|  |TAMS 0x0000000088a00000, 0x0000000088a00000| Untracked 
| 113|0x0000000088b00000, 0x0000000088b00000, 0x0000000088c00000|  0%| F|  |TAMS 0x0000000088b00000, 0x0000000088b00000| Untracked 
| 114|0x0000000088c00000, 0x0000000088c00000, 0x0000000088d00000|  0%| F|  |TAMS 0x0000000088c00000, 0x0000000088c00000| Untracked 
| 115|0x0000000088d00000, 0x0000000088d00000, 0x0000000088e00000|  0%| F|  |TAMS 0x0000000088d00000, 0x0000000088d00000| Untracked 
| 116|0x0000000088e00000, 0x0000000088e00000, 0x0000000088f00000|  0%| F|  |TAMS 0x0000000088e00000, 0x0000000088e00000| Untracked 
| 117|0x0000000088f00000, 0x0000000088f00000, 0x0000000089000000|  0%| F|  |TAMS 0x0000000088f00000, 0x0000000088f00000| Untracked 
| 118|0x0000000089000000, 0x0000000089000000, 0x0000000089100000|  0%| F|  |TAMS 0x0000000089000000, 0x0000000089000000| Untracked 
| 119|0x0000000089100000, 0x0000000089100000, 0x0000000089200000|  0%| F|  |TAMS 0x0000000089100000, 0x0000000089100000| Untracked 
| 120|0x0000000089200000, 0x0000000089200000, 0x0000000089300000|  0%| F|  |TAMS 0x0000000089200000, 0x0000000089200000| Untracked 
| 121|0x0000000089300000, 0x0000000089300000, 0x0000000089400000|  0%| F|  |TAMS 0x0000000089300000, 0x0000000089300000| Untracked 
| 122|0x0000000089400000, 0x0000000089400000, 0x0000000089500000|  0%| F|  |TAMS 0x0000000089400000, 0x0000000089400000| Untracked 
| 123|0x0000000089500000, 0x00000000895b0f98, 0x0000000089600000| 69%| E|  |TAMS 0x0000000089500000, 0x0000000089500000| Complete 
| 124|0x0000000089600000, 0x0000000089700000, 0x0000000089700000|100%| E|CS|TAMS 0x0000000089600000, 0x0000000089600000| Complete 
| 125|0x0000000089700000, 0x0000000089800000, 0x0000000089800000|100%| E|CS|TAMS 0x0000000089700000, 0x0000000089700000| Complete 
| 126|0x0000000089800000, 0x0000000089900000, 0x0000000089900000|100%| E|CS|TAMS 0x0000000089800000, 0x0000000089800000| Complete 
| 127|0x0000000089900000, 0x0000000089a00000, 0x0000000089a00000|100%| E|CS|TAMS 0x0000000089900000, 0x0000000089900000| Complete 

Card table byte_map: [0x000001fa61ad0000,0x000001fa61ed0000] _byte_map_base: 0x000001fa616c3000

Marking Bits (Prev, Next): (CMBitMap*) 0x000001fa4aefe380, (CMBitMap*) 0x000001fa4aefe3c0
 Prev Bits: [0x000001fa622d0000, 0x000001fa64268000)
 Next Bits: [0x000001fa64270000, 0x000001fa66208000)

Polling page: 0x000001fa4a6a0000

Metaspace:

Usage:
  Non-class:      1.60 MB used.
      Class:    168.78 KB used.
       Both:      1.77 MB used.

Virtual space:
  Non-class space:        8.00 MB reserved,       1.62 MB ( 20%) committed,  1 nodes.
      Class space:        1.00 GB reserved,     192.00 KB ( <1%) committed,  1 nodes.
             Both:        1.01 GB reserved,       1.81 MB ( <1%) committed. 

Chunk freelists:
   Non-Class:  3.61 MB
       Class:  3.69 MB
        Both:  7.30 MB

MaxMetaspaceSize: unlimited
CompressedClassSpaceSize: 1.00 GB
Initial GC threshold: 21.00 MB
Current GC threshold: 21.00 MB
CDS: on
MetaspaceReclaimPolicy: balanced
 - commit_granule_bytes: 65536.
 - commit_granule_words: 8192.
 - virtual_space_node_default_size: 1048576.
 - enlarge_chunks_in_place: 1.
 - new_chunks_are_fully_committed: 0.
 - uncommit_free_chunks: 1.
 - use_allocation_guard: 0.
 - handle_deallocations: 1.


Internal statistics:

num_allocs_failed_limit: 0.
num_arena_births: 38.
num_arena_deaths: 0.
num_vsnodes_births: 2.
num_vsnodes_deaths: 0.
num_space_committed: 29.
num_space_uncommitted: 0.
num_chunks_returned_to_freelist: 0.
num_chunks_taken_from_freelist: 68.
num_chunk_merges: 0.
num_chunk_splits: 43.
num_chunks_enlarged: 26.
num_purges: 0.
num_inconsistent_stats: 0.

CodeHeap 'non-profiled nmethods': size=120000Kb used=127Kb max_used=127Kb free=119872Kb
 bounds [0x000001fa5a1a0000, 0x000001fa5a410000, 0x000001fa616d0000]
CodeHeap 'profiled nmethods': size=120000Kb used=512Kb max_used=512Kb free=119487Kb
 bounds [0x000001fa52c70000, 0x000001fa52ee0000, 0x000001fa5a1a0000]
CodeHeap 'non-nmethods': size=5760Kb used=1148Kb max_used=1162Kb free=4611Kb
 bounds [0x000001fa526d0000, 0x000001fa52940000, 0x000001fa52c70000]
 total_blobs=844 nmethods=407 adapters=350
 compilation: enabled
              stopped_count=0, restarted_count=0
 full_count=0

Compilation events (20 events):
Event: 0.228 Thread 0x000001fa686a37e0 nmethod 396 0x000001fa52ce2d90 code [0x000001fa52ce2f40, 0x000001fa52ce3108]
Event: 0.228 Thread 0x000001fa686a37e0  399       3       jdk.internal.jimage.ImageStringsReader::hashCode (8 bytes)
Event: 0.228 Thread 0x000001fa686a37e0 nmethod 399 0x000001fa52ce3210 code [0x000001fa52ce33c0, 0x000001fa52ce3578]
Event: 0.228 Thread 0x000001fa686a37e0  400       1       jdk.internal.loader.URLClassPath$Loader::getBaseURL (5 bytes)
Event: 0.228 Thread 0x000001fa686a37e0 nmethod 400 0x000001fa5a1beb90 code [0x000001fa5a1bed20, 0x000001fa5a1bedf8]
Event: 0.229 Thread 0x000001fa693272b0 nmethod 378 0x000001fa5a1bee90 code [0x000001fa5a1bf000, 0x000001fa5a1bf3d8]
Event: 0.229 Thread 0x000001fa693272b0  382 %     4       java.util.Properties$LineReader::readLine @ 53 (584 bytes)
Event: 0.229 Thread 0x000001fa686a37e0  401       3       jdk.internal.math.FDBigInteger::mult (64 bytes)
Event: 0.229 Thread 0x000001fa686a37e0 nmethod 401 0x000001fa52ce3690 code [0x000001fa52ce3840, 0x000001fa52ce3ab8]
Event: 0.229 Thread 0x000001fa686a37e0  403       3       jdk.internal.math.FDBigInteger::trimLeadingZeros (57 bytes)
Event: 0.230 Thread 0x000001fa686a37e0 nmethod 403 0x000001fa52ce3c90 code [0x000001fa52ce3e40, 0x000001fa52ce4118]
Event: 0.230 Thread 0x000001fa686a37e0  402       3       jdk.internal.math.FDBigInteger::<init> (30 bytes)
Event: 0.230 Thread 0x000001fa686a37e0 nmethod 402 0x000001fa52ce4210 code [0x000001fa52ce43c0, 0x000001fa52ce45c8]
Event: 0.230 Thread 0x000001fa686a37e0  404       3       jdk.internal.math.FDBigInteger::size (10 bytes)
Event: 0.230 Thread 0x000001fa686a37e0 nmethod 404 0x000001fa52ce4710 code [0x000001fa52ce48a0, 0x000001fa52ce49b8]
Event: 0.231 Thread 0x000001fa686a37e0  405       3       java.lang.invoke.LambdaForm$Name::<init> (54 bytes)
Event: 0.231 Thread 0x000001fa686a37e0 nmethod 405 0x000001fa52ce4a90 code [0x000001fa52ce4c40, 0x000001fa52ce4ef8]
Event: 0.231 Thread 0x000001fa686a37e0  406       3       java.lang.invoke.LambdaForm::parameter (38 bytes)
Event: 0.231 Thread 0x000001fa686a37e0 nmethod 406 0x000001fa52ce4f90 code [0x000001fa52ce5120, 0x000001fa52ce5258]
Event: 0.231 Thread 0x000001fa686a37e0  408       3       jdk.internal.org.objectweb.asm.Frame::execute (2305 bytes)

GC Heap History (0 events):
No events

Deoptimization events (4 events):
Event: 0.132 Thread 0x000001fa4aebee40 Uncommon trap: trap_request=0xffffff45 fr.pc=0x000001fa5a1ac0d4 relative=0x0000000000000874
Event: 0.132 Thread 0x000001fa4aebee40 Uncommon trap: reason=unstable_if action=reinterpret pc=0x000001fa5a1ac0d4 method=java.util.HashMap.putVal(ILjava/lang/Object;Ljava/lang/Object;ZZ)Ljava/lang/Object; @ 181 c2
Event: 0.132 Thread 0x000001fa4aebee40 DEOPT PACKING pc=0x000001fa5a1ac0d4 sp=0x0000001a456fea80
Event: 0.132 Thread 0x000001fa4aebee40 DEOPT UNPACKING pc=0x000001fa527223a3 sp=0x0000001a456fea20 mode 2

Classes unloaded (0 events):
No events

Classes redefined (0 events):
No events

Internal exceptions (5 events):
Event: 0.145 Thread 0x000001fa692cb070 Exception <a 'java/lang/NoSuchMethodError'{0x00000000897049d8}: 'java.lang.Object java.lang.invoke.DirectMethodHandle$Holder.invokeStaticInit(java.lang.Object)'> (0x00000000897049d8) 
thrown [t:\workspace\open\src\hotspot\share\interpreter\linkResolver.cpp, line 766]
Event: 0.152 Thread 0x000001fa692cb070 Exception <a 'java/lang/NoSuchMethodError'{0x00000000897126e8}: 'void java.lang.invoke.DirectMethodHandle$Holder.invokeStatic(java.lang.Object, java.lang.Object)'> (0x00000000897126e8) 
thrown [t:\workspace\open\src\hotspot\share\interpreter\linkResolver.cpp, line 766]
Event: 0.205 Thread 0x000001fa4aebee40 Exception <a 'java/lang/NoSuchMethodError'{0x0000000089682dc8}: 'java.lang.Object java.lang.invoke.DirectMethodHandle$Holder.invokeInterface(java.lang.Object, java.lang.Object)'> (0x0000000089682dc8) 
thrown [t:\workspace\open\src\hotspot\share\interpreter\linkResolver.cpp, line 766]
Event: 0.231 Thread 0x000001fa4aebee40 Exception <a 'java/lang/NoSuchMethodError'{0x00000000895136a8}: 'void java.lang.invoke.DirectMethodHandle$Holder.invokeSpecial(java.lang.Object, java.lang.Object, java.lang.Object)'> (0x00000000895136a8) 
thrown [t:\workspace\open\src\hotspot\share\interpreter\linkResolver.cpp, line 766]
Event: 0.232 Thread 0x000001fa4aebee40 Exception <a 'java/lang/NoSuchMethodError'{0x000000008951a238}: 'void java.lang.invoke.DirectMethodHandle$Holder.invokeStatic(java.lang.Object, java.lang.Object, java.lang.Object)'> (0x000000008951a238) 
thrown [t:\workspace\open\src\hotspot\share\interpreter\linkResolver.cpp, line 766]

VM Operations (4 events):
Event: 0.144 Executing VM operation: HandshakeAllThreads
Event: 0.144 Executing VM operation: HandshakeAllThreads done
Event: 0.172 Executing VM operation: HandshakeAllThreads
Event: 0.172 Executing VM operation: HandshakeAllThreads done

Events (20 events):
Event: 0.212 loading class sun/util/PropertyResourceBundleCharset done
Event: 0.212 loading class sun/util/PropertyResourceBundleCharset$PropertiesFileDecoder
Event: 0.212 loading class sun/util/PropertyResourceBundleCharset$PropertiesFileDecoder done
Event: 0.222 Thread 0x000001fa693272b0 Thread added: 0x000001fa693272b0
Event: 0.225 loading class java/util/ResourceBundle$BundleReference
Event: 0.225 loading class java/util/ResourceBundle$BundleReference done
Event: 0.227 loading class java/text/MessageFormat
Event: 0.228 loading class java/text/MessageFormat done
Event: 0.229 loading class jdk/internal/math/FDBigInteger
Event: 0.229 loading class jdk/internal/math/FDBigInteger done
Event: 0.229 loading class java/math/MathContext
Event: 0.229 loading class java/math/MathContext done
Event: 0.230 loading class java/util/Collections$UnmodifiableMap$UnmodifiableEntrySet
Event: 0.231 loading class java/util/Collections$UnmodifiableMap$UnmodifiableEntrySet done
Event: 0.231 loading class java/util/Collections$UnmodifiableMap$UnmodifiableEntrySet$UnmodifiableEntrySetSpliterator
Event: 0.231 loading class java/util/Collections$UnmodifiableMap$UnmodifiableEntrySet$UnmodifiableEntrySetSpliterator done
Event: 0.231 loading class java/util/HashMap$EntrySpliterator
Event: 0.231 loading class java/util/HashMap$EntrySpliterator done
Event: 0.231 loading class java/lang/invoke/DirectMethodHandle$Special
Event: 0.231 loading class java/lang/invoke/DirectMethodHandle$Special done


Dynamic libraries:
0x00007ff7ba510000 - 0x00007ff7ba520000 	C:\Program Files\Java\jdk-17.0.1\bin\java.exe
0x00007ff9c69a0000 - 0x00007ff9c6ba9000 	C:\Windows\SYSTEM32\ntdll.dll
0x00007ff9c5860000 - 0x00007ff9c591d000 	C:\Windows\System32\KERNEL32.DLL
0x00007ff9c42c0000 - 0x00007ff9c4644000 	C:\Windows\System32\KERNELBASE.dll
0x00007ff9c4650000 - 0x00007ff9c4761000 	C:\Windows\System32\ucrtbase.dll
0x00007ff9c0bf0000 - 0x00007ff9c0c08000 	C:\Program Files\Java\jdk-17.0.1\bin\jli.dll
0x00007ff9c47f0000 - 0x00007ff9c489e000 	C:\Windows\System32\ADVAPI32.dll
0x00007ff9bec90000 - 0x00007ff9becaa000 	C:\Program Files\Java\jdk-17.0.1\bin\VCRUNTIME140.dll
0x00007ff9c4d10000 - 0x00007ff9c4db3000 	C:\Windows\System32\msvcrt.dll
0x00007ff9c48d0000 - 0x00007ff9c496e000 	C:\Windows\System32\sechost.dll
0x00007ff9c5a80000 - 0x00007ff9c5ba1000 	C:\Windows\System32\RPCRT4.dll
0x00007ff9c4e70000 - 0x00007ff9c501d000 	C:\Windows\System32\USER32.dll
0x00007ff9c4100000 - 0x00007ff9c4126000 	C:\Windows\System32\win32u.dll
0x00007ff9c48a0000 - 0x00007ff9c48ca000 	C:\Windows\System32\GDI32.dll
0x00007ff9c41a0000 - 0x00007ff9c42be000 	C:\Windows\System32\gdi32full.dll
0x00007ff9c3e30000 - 0x00007ff9c3ecd000 	C:\Windows\System32\msvcp_win.dll
0x00007ff9b0e30000 - 0x00007ff9b10d5000 	C:\Windows\WinSxS\amd64_microsoft.windows.common-controls_6595b64144ccf1df_6.0.22000.120_none_9d947278b86cc467\COMCTL32.dll
0x00007ff9bd530000 - 0x00007ff9bd53a000 	C:\Windows\SYSTEM32\VERSION.dll
0x00007ff9c6630000 - 0x00007ff9c6661000 	C:\Windows\System32\IMM32.DLL
0x00007ff9c1000000 - 0x00007ff9c100c000 	C:\Program Files\Java\jdk-17.0.1\bin\vcruntime140_1.dll
0x00007ff999850000 - 0x00007ff9998dd000 	C:\Program Files\Java\jdk-17.0.1\bin\msvcp140.dll
0x00007ff946350000 - 0x00007ff946f0e000 	C:\Program Files\Java\jdk-17.0.1\bin\server\jvm.dll
0x00007ff9c4dc0000 - 0x00007ff9c4dc8000 	C:\Windows\System32\PSAPI.DLL
0x00007ff9b1760000 - 0x00007ff9b1769000 	C:\Windows\SYSTEM32\WSOCK32.dll
0x00007ff9bd5a0000 - 0x00007ff9bd5d3000 	C:\Windows\SYSTEM32\WINMM.dll
0x00007ff9c5350000 - 0x00007ff9c53bf000 	C:\Windows\System32\WS2_32.dll
0x00007ff9c2f90000 - 0x00007ff9c2fa8000 	C:\Windows\SYSTEM32\kernel.appcore.dll
0x00007ff9b9a00000 - 0x00007ff9b9a0a000 	C:\Program Files\Java\jdk-17.0.1\bin\jimage.dll
0x00007ff9c1b40000 - 0x00007ff9c1d61000 	C:\Windows\SYSTEM32\DBGHELP.DLL
0x00007ff9a7a50000 - 0x00007ff9a7a81000 	C:\Windows\SYSTEM32\dbgcore.DLL
0x00007ff9c4770000 - 0x00007ff9c47ef000 	C:\Windows\System32\bcryptPrimitives.dll
0x00007ff9b99f0000 - 0x00007ff9b99fe000 	C:\Program Files\Java\jdk-17.0.1\bin\instrument.dll
0x00007ff9b8790000 - 0x00007ff9b87b5000 	C:\Program Files\Java\jdk-17.0.1\bin\java.dll
0x00007ff983590000 - 0x00007ff983666000 	C:\Program Files\Java\jdk-17.0.1\bin\svml.dll
0x00007ff9c5c20000 - 0x00007ff9c63e5000 	C:\Windows\System32\SHELL32.dll
0x00007ff9c1f00000 - 0x00007ff9c2762000 	C:\Windows\SYSTEM32\windows.storage.dll
0x00007ff9c4990000 - 0x00007ff9c4d06000 	C:\Windows\System32\combase.dll
0x00007ff9c1d90000 - 0x00007ff9c1ef7000 	C:\Windows\SYSTEM32\wintypes.dll
0x00007ff9c5990000 - 0x00007ff9c5a7a000 	C:\Windows\System32\SHCORE.dll
0x00007ff9c52e0000 - 0x00007ff9c533d000 	C:\Windows\System32\shlwapi.dll
0x00007ff9c3d60000 - 0x00007ff9c3d85000 	C:\Windows\SYSTEM32\profapi.dll
0x00007ff9ad530000 - 0x00007ff9ad548000 	C:\Program Files\Java\jdk-17.0.1\bin\zip.dll
0x00007ff9a9870000 - 0x00007ff9a9889000 	C:\Program Files\Java\jdk-17.0.1\bin\net.dll
0x00007ff9bd120000 - 0x00007ff9bd234000 	C:\Windows\SYSTEM32\WINHTTP.dll
0x00007ff9c3440000 - 0x00007ff9c34a7000 	C:\Windows\system32\mswsock.dll
0x00007ff9a8a20000 - 0x00007ff9a8a35000 	C:\Program Files\Java\jdk-17.0.1\bin\nio.dll
0x00007ff9a7bf0000 - 0x00007ff9a7c0a000 	D:\IntelliJ IDEA 2024.1\bin\breakgen64.dll

dbghelp: loaded successfully - version: 4.0.5 - missing functions: none
symbol engine: initialized successfully - sym options: 0x614 - pdb path: .;C:\Program Files\Java\jdk-17.0.1\bin;C:\Windows\SYSTEM32;C:\Windows\WinSxS\amd64_microsoft.windows.common-controls_6595b64144ccf1df_6.0.22000.120_none_9d947278b86cc467;C:\Program Files\Java\jdk-17.0.1\bin\server;D:\IntelliJ IDEA 2024.1\bin

VM Arguments:
jvm_args: -javaagent:D:\IntelliJ IDEA 2024.1\lib\idea_rt.jar=62942:D:\IntelliJ IDEA 2024.1\bin -Dfile.encoding=UTF-8 
java_command: Controller.Main
java_class_path (initial): C:\Users\35193\IdeaProjects\CarRentalSystem\out\production\CarRentalSystem;C:\Users\35193\Downloads\mysql-connector-j-9.0.0\mysql-connector-j-9.0.0.jar
Launcher Type: SUN_STANDARD

[Global flags]
     intx CICompilerCount                          = 3                                         {product} {ergonomic}
     uint ConcGCThreads                            = 1                                         {product} {ergonomic}
     uint G1ConcRefinementThreads                  = 4                                         {product} {ergonomic}
   size_t G1HeapRegionSize                         = 1048576                                   {product} {ergonomic}
    uintx GCDrainStackTargetSize                   = 64                                        {product} {ergonomic}
   size_t InitialHeapSize                          = 134217728                                 {product} {ergonomic}
   size_t MarkStackSize                            = 4194304                                   {product} {ergonomic}
   size_t MaxHeapSize                              = 2120220672                                {product} {ergonomic}
   size_t MaxNewSize                               = 1271922688                                {product} {ergonomic}
   size_t MinHeapDeltaBytes                        = 1048576                                   {product} {ergonomic}
   size_t MinHeapSize                              = 8388608                                   {product} {ergonomic}
    uintx NonNMethodCodeHeapSize                   = 5832780                                {pd product} {ergonomic}
    uintx NonProfiledCodeHeapSize                  = 122912730                              {pd product} {ergonomic}
    uintx ProfiledCodeHeapSize                     = 122912730                              {pd product} {ergonomic}
    uintx ReservedCodeCacheSize                    = 251658240                              {pd product} {ergonomic}
     bool SegmentedCodeCache                       = true                                      {product} {ergonomic}
   size_t SoftMaxHeapSize                          = 2120220672                             {manageable} {ergonomic}
     bool UseCompressedClassPointers               = true                           {product lp64_product} {ergonomic}
     bool UseCompressedOops                        = true                           {product lp64_product} {ergonomic}
     bool UseG1GC                                  = true                                      {product} {ergonomic}
     bool UseLargePagesIndividualAllocation        = false                                  {pd product} {ergonomic}

Logging:
Log output configuration:
 #0: stdout all=warning uptime,level,tags
 #1: stderr all=off uptime,level,tags

Environment Variables:
PATH=C:\Program Files (x86)\VMware\VMware Workstation\bin\;C:\Program Files\Common Files\Oracle\Java\javapath;C:\Program Files (x86)\Common Files\Oracle\Java\javapath;C:\Program Files (x86)\Intel\iCLS Client\;C:\Program Files\Intel\iCLS Client\;C:\Windows\system32;C:\Windows;C:\Windows\System32\Wbem;C:\Windows\System32\WindowsPowerShell\v1.0\;C:\Program Files (x86)\Intel\Intel(R) Management Engine Components\DAL;C:\Program Files\Intel\Intel(R) Management Engine Components\DAL;C:\Program Files (x86)\Intel\Intel(R) Management Engine Components\IPT;C:\Program Files\Intel\Intel(R) Management Engine Components\IPT;C:\Windows\system32;C:\Windows;C:\Windows\System32\Wbem;C:\Windows\System32\WindowsPowerShell\v1.0\;C:\Windows\System32\OpenSSH\;C:\Program Files (x86)\NVIDIA Corporation\PhysX\Common;D:\Touch Portal\plugins\adb\platform-tools;C:\Program Files\NVIDIA Corporation\NVIDIA NvDLISR;D:\Git\cmd;C:\Program Files\nodejs\;C:\Users\35193\AppData\Local\Microsoft\WindowsApps;C:\Users\35193\AppData\Local\atom\bin;C:\Program Files\Java\jdk-17.0.1\bin;C:\Users\35193\AppData\Local\atom\;;C:\Users\35193\AppData\Local\Programs\Microsoft VS Code\bin;D:\CLion 2023.2.2\bin;;C:\Users\35193\AppData\Roaming\npm
USERNAME=35193
OS=Windows_NT
PROCESSOR_IDENTIFIER=Intel64 Family 6 Model 158 Stepping 9, GenuineIntel



---------------  S Y S T E M  ---------------

OS:
 Windows 10 , 64 bit Build 22000 (10.0.22000.2538)
OS uptime: 69 days 6:20 hours

CPU: total 4 (initial active 4) (4 cores per cpu, 1 threads per core) family 6 model 158 stepping 9 microcode 0xde, cx8, cmov, fxsr, mmx, 3dnowpref, sse, sse2, sse3, ssse3, sse4.1, sse4.2, popcnt, lzcnt, tsc, tscinvbit, avx, avx2, aes, erms, clmul, bmi1, bmi2, adx, fma, vzeroupper, clflush, clflushopt

Memory: 4k page, system-wide physical 8084M (1160M free)
TotalPageFile size 14737M (AvailPageFile size 4M)
current process WorkingSet (physical memory assigned to process): 43M, peak: 43M
current process commit charge ("private bytes"): 208M, peak: 208M

vm_info: Java HotSpot(TM) 64-Bit Server VM (17.0.1+12-LTS-39) for windows-amd64 JRE (17.0.1+12-LTS-39), built on Sep 27 2021 18:41:35 by "mach5one" with MS VC++ 16.8 (VS2019)

END.
